TN:
SF:C:\Users\rrotundo\workspace\usma\frontend\src\polyfills.ts
FNF:0
FNH:0
DA:44,1
DA:45,1
DA:56,1
LF:3
LH:3
BRF:0
BRH:0
end_of_record
TN:
SF:C:\Users\rrotundo\workspace\usma\frontend\src\test.ts
FN:20,(anonymous_0)
FNF:1
FNH:1
FNDA:1,(anonymous_0)
DA:3,1
DA:4,1
DA:5,1
DA:6,1
DA:7,1
DA:8,1
DA:9,1
DA:10,1
DA:20,1
DA:23,1
DA:28,1
DA:30,1
DA:32,1
LF:13
LH:13
BRF:0
BRH:0
end_of_record
TN:
SF:C:\Users\rrotundo\workspace\usma\frontend\src\app\app.component.ts
FN:10,(anonymous_2)
FN:11,AppComponent
FNF:2
FNH:2
FNDA:1,(anonymous_2)
FNDA:2,AppComponent
DA:1,1
DA:3,1
DA:10,1
DA:11,2
DA:12,2
DA:13,2
DA:15,2
DA:16,2
DA:18,1
LF:9
LH:9
BRDA:16,0,0,2
BRDA:16,0,1,0
BRDA:11,1,0,1
BRDA:11,1,1,0
BRDA:11,2,0,1
BRF:5
BRH:3
end_of_record
TN:
SF:C:\Users\rrotundo\workspace\usma\frontend\src\app\layout\layout.component.ts
FN:9,(anonymous_2)
FN:11,LayoutComponent
FN:13,(anonymous_4)
FNF:3
FNH:3
FNDA:1,(anonymous_2)
FNDA:1,LayoutComponent
FNDA:1,(anonymous_4)
DA:1,1
DA:2,1
DA:9,1
DA:11,1
DA:13,1
DA:14,1
DA:15,1
DA:18,1
LF:8
LH:8
BRDA:14,0,0,1
BRDA:14,0,1,0
BRDA:11,1,0,1
BRDA:11,1,1,0
BRDA:11,2,0,1
BRF:5
BRH:3
end_of_record
TN:
SF:C:\Users\rrotundo\workspace\usma\frontend\src\app\layout\blank-page\blank-page.component.ts
FN:8,(anonymous_2)
FN:9,BlankPageComponent
FN:10,(anonymous_4)
FNF:3
FNH:3
FNDA:1,(anonymous_2)
FNDA:1,BlankPageComponent
FNDA:1,(anonymous_4)
DA:1,1
DA:8,1
DA:10,1
DA:11,1
LF:4
LH:4
BRF:0
BRH:0
end_of_record
TN:
SF:C:\Users\rrotundo\workspace\usma\frontend\src\app\layout\dashboard\dashboard.component.ts
FN:8,(anonymous_2)
FN:11,DashboardComponent
FN:26,(anonymous_4)
FNF:3
FNH:3
FNDA:1,(anonymous_2)
FNDA:1,DashboardComponent
FNDA:1,(anonymous_4)
DA:1,1
DA:8,1
DA:9,1
DA:12,1
DA:26,1
DA:27,1
LF:6
LH:6
BRF:0
BRH:0
end_of_record
TN:
SF:C:\Users\rrotundo\workspace\usma\frontend\src\app\layout\dashboard\components\notification\notification.component.ts
FN:8,(anonymous_2)
FN:9,NotificationComponent
FN:10,(anonymous_4)
FNF:3
FNH:3
FNDA:1,(anonymous_2)
FNDA:1,NotificationComponent
FNDA:1,(anonymous_4)
DA:1,1
DA:8,1
DA:10,1
DA:11,1
LF:4
LH:4
BRF:0
BRH:0
end_of_record
TN:
SF:C:\Users\rrotundo\workspace\usma\frontend\src\app\login\login.component.ts
FN:12,(anonymous_2)
FN:18,LoginComponent
FN:30,(anonymous_4)
FN:35,(anonymous_5)
FN:39,(anonymous_6)
FN:43,(anonymous_7)
FN:47,(anonymous_8)
FNF:7
FNH:3
FNDA:1,(anonymous_2)
FNDA:1,LoginComponent
FNDA:1,(anonymous_4)
FNDA:0,(anonymous_5)
FNDA:0,(anonymous_6)
FNDA:0,(anonymous_7)
FNDA:0,(anonymous_8)
DA:1,1
DA:2,1
DA:3,1
DA:5,1
DA:12,1
DA:13,1
DA:14,1
DA:19,1
DA:20,1
DA:21,1
DA:22,1
DA:23,1
DA:24,1
DA:30,1
DA:32,1
DA:35,1
DA:36,0
DA:39,1
DA:40,0
DA:41,0
DA:44,0
DA:45,0
DA:48,0
DA:49,0
DA:53,1
LF:25
LH:18
BRDA:32,0,0,1
BRDA:32,0,1,1
BRDA:19,1,0,1
BRDA:19,1,1,0
BRDA:19,2,0,1
BRDA:19,3,0,1
BRDA:19,3,1,1
BRDA:19,3,2,0
BRDA:19,4,0,1
BRDA:19,4,1,1
BRDA:20,5,0,1
BRDA:20,5,1,1
BRDA:20,5,2,0
BRDA:20,6,0,1
BRDA:20,6,1,1
BRDA:21,7,0,1
BRDA:21,7,1,1
BRDA:21,7,2,0
BRDA:21,8,0,1
BRDA:21,8,1,1
BRDA:22,9,0,1
BRDA:22,9,1,1
BRDA:22,9,2,0
BRDA:22,10,0,1
BRDA:22,10,1,1
BRF:25
BRH:20
end_of_record
TN:
SF:C:\Users\rrotundo\workspace\usma\frontend\src\app\shared\index.ts
FNF:0
FNH:0
DA:1,1
DA:2,1
DA:3,1
DA:4,1
LF:4
LH:4
BRF:0
BRH:0
end_of_record
TN:
SF:C:\Users\rrotundo\workspace\usma\frontend\src\app\shared\components\index.ts
FNF:0
FNH:0
DA:1,1
DA:2,1
DA:3,1
LF:3
LH:3
BRF:0
BRH:0
end_of_record
TN:
SF:C:\Users\rrotundo\workspace\usma\frontend\src\app\shared\components\alert\alert.component.ts
FN:10,(anonymous_2)
FN:13,AlertComponent
FN:15,(anonymous_4)
FN:16,(anonymous_5)
FNF:4
FNH:3
FNDA:1,(anonymous_2)
FNDA:2,AlertComponent
FNDA:2,(anonymous_4)
FNDA:0,(anonymous_5)
DA:1,1
DA:3,1
DA:10,1
DA:13,2
DA:15,2
DA:16,2
DA:18,1
LF:7
LH:7
BRDA:13,0,0,1
BRDA:13,0,1,0
BRDA:13,1,0,1
BRF:3
BRH:2
end_of_record
TN:
SF:C:\Users\rrotundo\workspace\usma\frontend\src\app\shared\components\header\header.component.ts
FN:10,(anonymous_2)
FN:12,HeaderComponent
FN:16,(anonymous_4)
FN:18,(anonymous_5)
FN:23,(anonymous_6)
FN:27,(anonymous_7)
FNF:6
FNH:3
FNDA:1,(anonymous_2)
FNDA:2,HeaderComponent
FNDA:2,(anonymous_4)
FNDA:0,(anonymous_5)
FNDA:0,(anonymous_6)
FNDA:0,(anonymous_7)
DA:1,1
DA:2,1
DA:3,1
DA:10,1
DA:13,2
DA:14,2
DA:16,1
DA:18,1
DA:19,0
DA:20,0
DA:23,1
DA:24,0
DA:27,1
DA:28,0
DA:30,1
LF:15
LH:11
BRDA:13,0,0,1
BRDA:13,0,1,0
BRDA:13,1,0,1
BRDA:13,2,0,1
BRDA:13,2,1,1
BRDA:13,2,2,0
BRDA:13,3,0,1
BRDA:13,3,1,1
BRF:8
BRH:6
end_of_record
TN:
SF:C:\Users\rrotundo\workspace\usma\frontend\src\app\shared\components\sidebar\sidebar.component.ts
FN:8,(anonymous_1)
FN:3,SidebarComponent
FN:11,(anonymous_3)
FN:14,(anonymous_4)
FNF:4
FNH:2
FNDA:1,(anonymous_1)
FNDA:2,SidebarComponent
FNDA:0,(anonymous_3)
FNDA:0,(anonymous_4)
DA:1,1
DA:8,1
DA:9,2
DA:10,2
DA:11,1
DA:12,0
DA:14,1
DA:15,0
DA:16,0
DA:18,0
DA:21,1
LF:11
LH:7
BRDA:15,0,0,0
BRDA:15,0,1,0
BRF:2
BRH:0
end_of_record
TN:
SF:C:\Users\rrotundo\workspace\usma\frontend\src\app\shared\guard\auth.guard.ts
FN:6,(anonymous_2)
FN:8,AuthGuard
FN:10,(anonymous_4)
FNF:3
FNH:2
FNDA:1,(anonymous_2)
FNDA:1,AuthGuard
FNDA:0,(anonymous_4)
DA:1,1
DA:3,1
DA:6,1
DA:8,1
DA:10,1
DA:11,0
DA:12,0
DA:15,0
DA:16,0
DA:18,1
LF:10
LH:6
BRDA:11,0,0,0
BRDA:11,0,1,0
BRDA:8,1,0,1
BRDA:8,1,1,0
BRDA:8,2,0,1
BRF:5
BRH:2
end_of_record
TN:
SF:C:\Users\rrotundo\workspace\usma\frontend\src\app\shared\modules\index.ts
FNF:0
FNH:0
DA:1,1
DA:2,1
LF:2
LH:2
BRF:0
BRH:0
end_of_record
TN:
SF:C:\Users\rrotundo\workspace\usma\frontend\src\app\shared\modules\page-header\page-header.component.ts
FN:8,(anonymous_2)
FN:8,PageHeaderComponent
FNF:2
FNH:2
FNDA:1,(anonymous_2)
FNDA:2,PageHeaderComponent
DA:1,1
DA:8,1
DA:9,1
DA:10,1
DA:11,1
LF:5
LH:5
BRF:0
BRH:0
end_of_record
TN:
SF:C:\Users\rrotundo\workspace\usma\frontend\src\app\shared\modules\page-header\page-header.module.ts
FN:15,(anonymous_1)
FN:15,PageHeaderModule
FNF:2
FNH:2
FNDA:1,(anonymous_1)
FNDA:1,PageHeaderModule
DA:1,1
DA:2,1
DA:3,1
DA:5,1
DA:15,1
LF:5
LH:5
BRF:0
BRH:0
end_of_record
TN:
SF:C:\Users\rrotundo\workspace\usma\frontend\src\app\shared\modules\stat\stat.component.ts
FN:8,(anonymous_2)
FN:16,StatComponent
FN:18,(anonymous_4)
FNF:3
FNH:3
FNDA:1,(anonymous_2)
FNDA:1,StatComponent
FNDA:1,(anonymous_4)
DA:1,1
DA:8,1
DA:9,1
DA:10,1
DA:11,1
DA:12,1
DA:13,1
DA:14,2
DA:18,1
DA:19,1
LF:10
LH:10
BRDA:14,0,0,1
BRDA:14,0,1,0
BRDA:14,1,0,1
BRF:3
BRH:2
end_of_record
TN:
SF:C:\Users\rrotundo\workspace\usma\frontend\src\app\shared\modules\stat\stat.module.ts
FN:12,(anonymous_1)
FN:12,StatModule
FNF:2
FNH:2
FNDA:1,(anonymous_1)
FNDA:1,StatModule
DA:1,1
DA:2,1
DA:3,1
DA:12,1
LF:4
LH:4
BRF:0
BRH:0
end_of_record
TN:
SF:C:\Users\rrotundo\workspace\usma\frontend\src\app\shared\pipes\shared-pipes.module.ts
FN:10,(anonymous_1)
FN:10,SharedPipesModule
FNF:2
FNH:1
FNDA:1,(anonymous_1)
FNDA:0,SharedPipesModule
DA:1,1
DA:2,1
DA:10,1
LF:3
LH:3
BRF:0
BRH:0
end_of_record
TN:
SF:C:\Users\rrotundo\workspace\usma\frontend\src\app\shared\services\alert.service.ts
FN:7,(anonymous_2)
FN:11,AlertService
FN:13,(anonymous_4)
FN:26,(anonymous_5)
FN:31,(anonymous_6)
FN:36,(anonymous_7)
FNF:6
FNH:3
FNDA:1,(anonymous_2)
FNDA:2,AlertService
FNDA:0,(anonymous_4)
FNDA:0,(anonymous_5)
FNDA:0,(anonymous_6)
FNDA:2,(anonymous_7)
DA:1,1
DA:2,1
DA:4,1
DA:7,1
DA:8,2
DA:9,2
DA:11,2
DA:13,2
DA:14,0
DA:15,0
DA:17,0
DA:20,0
DA:26,1
DA:27,0
DA:28,0
DA:31,1
DA:32,0
DA:33,0
DA:36,1
DA:37,2
DA:39,1
LF:21
LH:13
BRDA:14,0,0,0
BRDA:14,0,1,0
BRDA:15,1,0,0
BRDA:15,1,1,0
BRDA:26,2,0,0
BRDA:26,2,1,0
BRDA:31,3,0,0
BRDA:31,3,1,0
BRDA:11,4,0,1
BRDA:11,4,1,0
BRDA:11,5,0,1
BRF:11
BRH:2
end_of_record
TN:
SF:C:\Users\rrotundo\workspace\usma\frontend\src\app\shared\services\authentication.service.ts
FN:7,(anonymous_2)
FN:8,AuthenticationService
FN:10,(anonymous_4)
FN:15,(anonymous_5)
FN:25,(anonymous_6)
FNF:5
FNH:2
FNDA:1,(anonymous_2)
FNDA:3,AuthenticationService
FNDA:0,(anonymous_4)
FNDA:0,(anonymous_5)
FNDA:0,(anonymous_6)
DA:1,1
DA:2,1
DA:4,1
DA:7,1
DA:8,3
DA:10,1
DA:11,0
DA:17,0
DA:18,0
DA:20,0
DA:25,1
DA:27,0
DA:28,0
DA:30,1
LF:14
LH:8
BRDA:18,0,0,0
BRDA:18,0,1,0
BRDA:18,1,0,0
BRDA:18,1,1,0
BRDA:8,2,0,1
BRDA:8,2,1,0
BRDA:8,3,0,1
BRF:7
BRH:2
end_of_record
TN:
SF:C:\Users\rrotundo\workspace\usma\frontend\src\app\shared\services\index.ts
FNF:0
FNH:0
DA:1,1
DA:2,1
LF:2
LH:2
BRF:0
BRH:0
end_of_record
TN:
SF:C:\Users\rrotundo\workspace\usma\frontend\src\app\signup\signup.component.ts
FN:8,(anonymous_2)
FN:10,SignupComponent
FN:12,(anonymous_4)
FNF:3
FNH:3
FNDA:1,(anonymous_2)
FNDA:1,SignupComponent
FNDA:1,(anonymous_4)
DA:1,1
DA:8,1
DA:12,1
DA:13,1
LF:4
LH:4
BRF:0
BRH:0
end_of_record
